Using pre-set license
Built from '2020.3/staging' branch; Version is '2020.3.25f1 (9b9180224418) revision 10195328'; Using compiler version '192528614'; Build Type 'Release'
OS: 'Windows 11  (10.0.22000) 64bit Core' Language: 'en' Physical Memory: 15776 MB
BatchMode: 1, IsHumanControllingUs: 0, StartBugReporterOnCrash: 0, Is64bit: 1, IsPro: 0

COMMAND LINE ARGUMENTS:
C:\Program Files\Unity\Hub\Editor\2020.3.25f1\Editor\Unity.exe
-adb2
-batchMode
-noUpm
-name
AssetImportWorker0
-projectPath
C:/Users/morga/OneDrive/Desktop/Gnome Runner/Github/DaGame/DaGame
-logFile
Logs/AssetImportWorker0.log
-srvPort
52007
Successfully changed project path to: C:/Users/morga/OneDrive/Desktop/Gnome Runner/Github/DaGame/DaGame
C:/Users/morga/OneDrive/Desktop/Gnome Runner/Github/DaGame/DaGame
Using Asset Import Pipeline V2.
Refreshing native plugins compatible for Editor in 49.17 ms, found 2 plugins.
Preloading 0 native plugins for Editor in 0.00 ms.
Initialize engine version: 2020.3.25f1 (9b9180224418)
[Subsystems] Discovering subsystems at path C:/Program Files/Unity/Hub/Editor/2020.3.25f1/Editor/Data/Resources/UnitySubsystems
[Subsystems] Discovering subsystems at path C:/Users/morga/OneDrive/Desktop/Gnome Runner/Github/DaGame/DaGame/Assets
GfxDevice: creating device client; threaded=0
Direct3D:
    Version:  Direct3D 11.0 [level 11.1]
    Renderer: NVIDIA GeForce RTX 3080 Laptop GPU (ID=0x249c)
    Vendor:   
    VRAM:     8042 MB
    Driver:   30.0.14.9649
Initialize mono
Mono path[0] = 'C:/Program Files/Unity/Hub/Editor/2020.3.25f1/Editor/Data/Managed'
Mono path[1] = 'C:/Program Files/Unity/Hub/Editor/2020.3.25f1/Editor/Data/MonoBleedingEdge/lib/mono/unityjit'
Mono config path = 'C:/Program Files/Unity/Hub/Editor/2020.3.25f1/Editor/Data/MonoBleedingEdge/etc'
Using monoOptions --debugger-agent=transport=dt_socket,embedding=1,server=y,suspend=n,address=127.0.0.1:56528
Begin MonoManager ReloadAssembly
Registering precompiled unity dll's ...
Register platform support module: C:/Program Files/Unity/Hub/Editor/2020.3.25f1/Editor/Data/PlaybackEngines/WebGLSupport/UnityEditor.WebGL.Extensions.dll
Register platform support module: C:/Program Files/Unity/Hub/Editor/2020.3.25f1/Editor/Data/PlaybackEngines/MacStandaloneSupport/UnityEditor.OSXStandalone.Extensions.dll
Register platform support module: C:/Program Files/Unity/Hub/Editor/2020.3.25f1/Editor/Data/PlaybackEngines/WindowsStandaloneSupport/UnityEditor.WindowsStandalone.Extensions.dll
Registered in 0.003404 seconds.
Native extension for WindowsStandalone target not found
Native extension for OSXStandalone target not found
Native extension for WebGL target not found
Refreshing native plugins compatible for Editor in 46.26 ms, found 2 plugins.
Preloading 0 native plugins for Editor in 0.00 ms.
Mono: successfully reloaded assembly
- Completed reload, in  0.702 seconds
Domain Reload Profiling:
	ReloadAssembly (702ms)
		BeginReloadAssembly (69ms)
			ExecutionOrderSort (0ms)
			DisableScriptedObjects (0ms)
			BackupInstance (0ms)
			ReleaseScriptingObjects (0ms)
			CreateAndSetChildDomain (1ms)
		EndReloadAssembly (543ms)
			LoadAssemblies (67ms)
			RebuildTransferFunctionScriptingTraits (0ms)
			SetupTypeCache (182ms)
			ReleaseScriptCaches (0ms)
			RebuildScriptCaches (32ms)
			SetupLoadedEditorAssemblies (210ms)
				LogAssemblyErrors (0ms)
				InitializePlatformSupportModulesInManaged (7ms)
				SetLoadedEditorAssemblies (0ms)
				RefreshPlugins (46ms)
				BeforeProcessingInitializeOnLoad (20ms)
				ProcessInitializeOnLoadAttributes (102ms)
				ProcessInitializeOnLoadMethodAttributes (34ms)
				AfterProcessingInitializeOnLoad (0ms)
				EditorAssembliesLoaded (0ms)
			ExecutionOrderSort2 (0ms)
			AwakeInstancesAfterBackupRestoration (0ms)
Platform modules already initialized, skipping
Registering precompiled user dll's ...
Registered in 0.004752 seconds.
Begin MonoManager ReloadAssembly
Native extension for WindowsStandalone target not found
Native extension for OSXStandalone target not found
Native extension for WebGL target not found
Refreshing native plugins compatible for Editor in 0.83 ms, found 2 plugins.
Preloading 0 native plugins for Editor in 0.00 ms.
Mono: successfully reloaded assembly
- Completed reload, in  1.230 seconds
Domain Reload Profiling:
	ReloadAssembly (1231ms)
		BeginReloadAssembly (154ms)
			ExecutionOrderSort (0ms)
			DisableScriptedObjects (5ms)
			BackupInstance (0ms)
			ReleaseScriptingObjects (0ms)
			CreateAndSetChildDomain (21ms)
		EndReloadAssembly (1005ms)
			LoadAssemblies (120ms)
			RebuildTransferFunctionScriptingTraits (0ms)
			SetupTypeCache (302ms)
			ReleaseScriptCaches (1ms)
			RebuildScriptCaches (50ms)
			SetupLoadedEditorAssemblies (417ms)
				LogAssemblyErrors (0ms)
				InitializePlatformSupportModulesInManaged (9ms)
				SetLoadedEditorAssemblies (1ms)
				RefreshPlugins (1ms)
				BeforeProcessingInitializeOnLoad (116ms)
				ProcessInitializeOnLoadAttributes (272ms)
				ProcessInitializeOnLoadMethodAttributes (11ms)
				AfterProcessingInitializeOnLoad (6ms)
				EditorAssembliesLoaded (0ms)
			ExecutionOrderSort2 (0ms)
			AwakeInstancesAfterBackupRestoration (9ms)
Platform modules already initialized, skipping
========================================================================
Worker process is ready to serve import requests
Launched and connected shader compiler UnityShaderCompiler.exe after 0.06 seconds
Refreshing native plugins compatible for Editor in 0.58 ms, found 2 plugins.
Preloading 0 native plugins for Editor in 0.00 ms.
Unloading 1940 Unused Serialized files (Serialized files now loaded: 0)
System memory in use before: 99.8 MB.
System memory in use after: 99.9 MB.

Unloading 20 unused Assets to reduce memory usage. Loaded Objects now: 2386.
Total: 3.543800 ms (FindLiveObjects: 0.188400 ms CreateObjectMapping: 0.060400 ms MarkObjects: 3.061500 ms  DeleteObjects: 0.232200 ms)

AssetImportParameters requested are different than current active one (requested -> active):
  custom:framework-win-MediaFoundation: 216162199b28c13a410421893ffa2e32 -> 
  custom:video-decoder-ogg-theora: a1e56fd34408186e4bbccfd4996cb3dc -> 
  custom:container-muxer-webm: aa71ff27fc2769a1b78a27578f13a17b -> 
  custom:container-demuxer-webm: 4f35f7cbe854078d1ac9338744f61a02 -> 
  custom:container-demuxer-ogg: 62fdf1f143b41e24485cea50d1cbac27 -> 
  custom:video-encoder-webm-vp8: eb34c28f22e8b96e1ab97ce403110664 -> 
  custom:video-codec-MediaFoundation-h265: 746d11721c4dcdbdad8f713fa42b33f4 -> 
  custom:video-decoder-webm-vp8: 9c59270c3fd7afecdb556c50c9e8de78 -> 
  custom:audio-decoder-ogg-vorbis: bf7c407c2cedff20999df2af8eb42d56 -> 
  custom:audio-encoder-webm-vorbis: bf7c407c2cedff20999df2af8eb42d56 -> 
========================================================================
Received Import Request.
  path: Assets/Materials/Crate_Brick_Materials/Crate_Brick.mat
  artifactKey: Guid(98511ceb1e3af496dac6f9a55922df36) Importer(815301076,1909f56bfc062723c751e8b465ee728b)
Start importing Assets/Materials/Crate_Brick_Materials/Crate_Brick.mat using Guid(98511ceb1e3af496dac6f9a55922df36) Importer(815301076,1909f56bfc062723c751e8b465ee728b)  -> (artifact id: '1e9be30b9d0c1a7fbeb5d2d24b2d46d1') in 0.388601 seconds 
  Import took 0.391946 seconds .

========================================================================
Received Import Request.
  Time since last request: 0.000327 seconds.
  path: Assets/Materials/Crate_Brick_Materials/Crate_Brick_MT.tga
  artifactKey: Guid(44ffbd7fbc1f14301b3cccdc0e445cfa) Importer(815301076,1909f56bfc062723c751e8b465ee728b)
Start importing Assets/Materials/Crate_Brick_Materials/Crate_Brick_MT.tga using Guid(44ffbd7fbc1f14301b3cccdc0e445cfa) Importer(815301076,1909f56bfc062723c751e8b465ee728b)  -> (artifact id: '026cf086b56a0e9109a968a09d42ed19') in 0.059207 seconds 
  Import took 0.062357 seconds .

========================================================================
Received Import Request.
  Time since last request: 0.000220 seconds.
  path: Assets/Materials/Crate_Brick_Materials/Crate_Brick_NM copy.tga
  artifactKey: Guid(c4723992bdc594ca9a47ec81ad2fd61e) Importer(815301076,1909f56bfc062723c751e8b465ee728b)
Start importing Assets/Materials/Crate_Brick_Materials/Crate_Brick_NM copy.tga using Guid(c4723992bdc594ca9a47ec81ad2fd61e) Importer(815301076,1909f56bfc062723c751e8b465ee728b)  -> (artifact id: '15794c458d10a252fa64ab1fe995a8af') in 0.014686 seconds 
  Import took 0.018461 seconds .

========================================================================
Received Import Request.
  Time since last request: 0.000278 seconds.
  path: Assets/Materials/Crate_Brick_Materials/Crate_Brick_DF.tif
  artifactKey: Guid(ca03e8200f02a431e8292b0bc66903a4) Importer(815301076,1909f56bfc062723c751e8b465ee728b)
Start importing Assets/Materials/Crate_Brick_Materials/Crate_Brick_DF.tif using Guid(ca03e8200f02a431e8292b0bc66903a4) Importer(815301076,1909f56bfc062723c751e8b465ee728b)  -> (artifact id: '534925ed0043d92e20809ab82a8c4689') in 0.015999 seconds 
  Import took 0.019672 seconds .

========================================================================
Received Prepare
Refreshing native plugins compatible for Editor in 3.63 ms, found 2 plugins.
Preloading 0 native plugins for Editor in 0.00 ms.
Unloading 13 Unused Serialized files (Serialized files now loaded: 0)
System memory in use before: 62.3 MB.
System memory in use after: 62.4 MB.

Unloading 13 unused Assets to reduce memory usage. Loaded Objects now: 2429.
Total: 3.994900 ms (FindLiveObjects: 0.244200 ms CreateObjectMapping: 0.090500 ms MarkObjects: 3.567200 ms  DeleteObjects: 0.092100 ms)

AssetImportParameters requested are different than current active one (requested -> active):
  custom:framework-win-MediaFoundation: 216162199b28c13a410421893ffa2e32 -> 
  custom:video-decoder-ogg-theora: a1e56fd34408186e4bbccfd4996cb3dc -> 
  custom:container-muxer-webm: aa71ff27fc2769a1b78a27578f13a17b -> 
  custom:container-demuxer-webm: 4f35f7cbe854078d1ac9338744f61a02 -> 
  custom:container-demuxer-ogg: 62fdf1f143b41e24485cea50d1cbac27 -> 
  custom:video-encoder-webm-vp8: eb34c28f22e8b96e1ab97ce403110664 -> 
  custom:video-codec-MediaFoundation-h265: 746d11721c4dcdbdad8f713fa42b33f4 -> 
  custom:video-decoder-webm-vp8: 9c59270c3fd7afecdb556c50c9e8de78 -> 
  custom:audio-decoder-ogg-vorbis: bf7c407c2cedff20999df2af8eb42d56 -> 
  custom:audio-encoder-webm-vorbis: bf7c407c2cedff20999df2af8eb42d56 -> 
========================================================================
Received Import Request.
  Time since last request: 111.254460 seconds.
  path: Assets/Materials/Cave Materials
  artifactKey: Guid(4a28eeef92acf124d8f1358422215902) Importer(815301076,1909f56bfc062723c751e8b465ee728b)
Start importing Assets/Materials/Cave Materials using Guid(4a28eeef92acf124d8f1358422215902) Importer(815301076,1909f56bfc062723c751e8b465ee728b)  -> (artifact id: '78ece748ff9a722c06882ba367b9bf3e') in 0.002655 seconds 
  Import took 0.005824 seconds .

========================================================================
Received Import Request.
  Time since last request: 27.905349 seconds.
  path: Assets/Materials/Cave Materials/Schafer_Crate1.tif
  artifactKey: Guid(f4b255293bd6da34382dfa8071427c8a) Importer(815301076,1909f56bfc062723c751e8b465ee728b)
Start importing Assets/Materials/Cave Materials/Schafer_Crate1.tif using Guid(f4b255293bd6da34382dfa8071427c8a) Importer(815301076,1909f56bfc062723c751e8b465ee728b)  -> (artifact id: '47f212ef0c450e4ae0aa908b882247e4') in 0.016505 seconds 
  Import took 0.020432 seconds .

========================================================================
Received Import Request.
  Time since last request: 0.000254 seconds.
  path: Assets/Materials/Cave Materials/Schafer_Crate_3.tif
  artifactKey: Guid(aa8d79a4f8a048f4d82d9327adac8154) Importer(815301076,1909f56bfc062723c751e8b465ee728b)
Start importing Assets/Materials/Cave Materials/Schafer_Crate_3.tif using Guid(aa8d79a4f8a048f4d82d9327adac8154) Importer(815301076,1909f56bfc062723c751e8b465ee728b)  -> (artifact id: '2a1363f9eb54f43ff2a71b9520ea64e0') in 0.012330 seconds 
  Import took 0.015806 seconds .

========================================================================
Received Import Request.
  Time since last request: 0.000290 seconds.
  path: Assets/Materials/Cave Materials/Schafer_Crate_4.png
  artifactKey: Guid(71a32c421ce4602439b59ad1a53a9c30) Importer(815301076,1909f56bfc062723c751e8b465ee728b)
Start importing Assets/Materials/Cave Materials/Schafer_Crate_4.png using Guid(71a32c421ce4602439b59ad1a53a9c30) Importer(815301076,1909f56bfc062723c751e8b465ee728b)  -> (artifact id: '7e2904f187a44a0d6024d0ad3cefc25b') in 0.020314 seconds 
  Import took 0.023890 seconds .

========================================================================
Received Import Request.
  Time since last request: 0.000276 seconds.
  path: Assets/Materials/Cave Materials/Schafer_Crate_2.tif
  artifactKey: Guid(0379f4e6f024728449225112efd21610) Importer(815301076,1909f56bfc062723c751e8b465ee728b)
Start importing Assets/Materials/Cave Materials/Schafer_Crate_2.tif using Guid(0379f4e6f024728449225112efd21610) Importer(815301076,1909f56bfc062723c751e8b465ee728b)  -> (artifact id: '1d080ee8dd0026b6fbe0b7e1850e34e0') in 0.012318 seconds 
  Import took 0.016304 seconds .

========================================================================
Received Import Request.
  Time since last request: 19.338181 seconds.
  path: Assets/Materials/Cave Materials/Stone.mat
  artifactKey: Guid(de308a97a50893343b21b2c86da0fa9f) Importer(815301076,1909f56bfc062723c751e8b465ee728b)
Start importing Assets/Materials/Cave Materials/Stone.mat using Guid(de308a97a50893343b21b2c86da0fa9f) Importer(815301076,1909f56bfc062723c751e8b465ee728b)  -> (artifact id: '876cd3c91b6ba928ef833c36c0010ebb') in 0.018780 seconds 
  Import took 0.023725 seconds .

========================================================================
Received Import Request.
  Time since last request: 14.024693 seconds.
  path: Assets/Materials/Cave Materials/Stone_Normal.mat
  artifactKey: Guid(ba8c91d051bbda740ae29a1cadf370ba) Importer(815301076,1909f56bfc062723c751e8b465ee728b)
Start importing Assets/Materials/Cave Materials/Stone_Normal.mat using Guid(ba8c91d051bbda740ae29a1cadf370ba) Importer(815301076,1909f56bfc062723c751e8b465ee728b)  -> (artifact id: '20b4ade13138099ac8a20ef4694455b0') in 0.015774 seconds 
  Import took 0.022712 seconds .

========================================================================
Received Import Request.
  Time since last request: 56.157347 seconds.
  path: Assets/Materials/Cave Materials/Schafer_Crate_2.tif
  artifactKey: Guid(0379f4e6f024728449225112efd21610) Importer(815301076,1909f56bfc062723c751e8b465ee728b)
Start importing Assets/Materials/Cave Materials/Schafer_Crate_2.tif using Guid(0379f4e6f024728449225112efd21610) Importer(815301076,1909f56bfc062723c751e8b465ee728b)  -> (artifact id: 'b68b27ac784c4183b9842ef738dec3c5') in 0.012397 seconds 
  Import took 0.016212 seconds .

========================================================================
Received Prepare
Registering precompiled user dll's ...
Registered in 0.007919 seconds.
Begin MonoManager ReloadAssembly
Native extension for WindowsStandalone target not found
Native extension for OSXStandalone target not found
Native extension for WebGL target not found
Refreshing native plugins compatible for Editor in 0.67 ms, found 2 plugins.
Preloading 0 native plugins for Editor in 0.00 ms.
Mono: successfully reloaded assembly
- Completed reload, in  1.255 seconds
Domain Reload Profiling:
	ReloadAssembly (1256ms)
		BeginReloadAssembly (151ms)
			ExecutionOrderSort (0ms)
			DisableScriptedObjects (5ms)
			BackupInstance (0ms)
			ReleaseScriptingObjects (0ms)
			CreateAndSetChildDomain (43ms)
		EndReloadAssembly (1034ms)
			LoadAssemblies (118ms)
			RebuildTransferFunctionScriptingTraits (0ms)
			SetupTypeCache (334ms)
			ReleaseScriptCaches (2ms)
			RebuildScriptCaches (43ms)
			SetupLoadedEditorAssemblies (426ms)
				LogAssemblyErrors (0ms)
				InitializePlatformSupportModulesInManaged (9ms)
				SetLoadedEditorAssemblies (1ms)
				RefreshPlugins (1ms)
				BeforeProcessingInitializeOnLoad (101ms)
				ProcessInitializeOnLoadAttributes (295ms)
				ProcessInitializeOnLoadMethodAttributes (12ms)
				AfterProcessingInitializeOnLoad (7ms)
				EditorAssembliesLoaded (0ms)
			ExecutionOrderSort2 (0ms)
			AwakeInstancesAfterBackupRestoration (9ms)
Platform modules already initialized, skipping
Refreshing native plugins compatible for Editor in 0.72 ms, found 2 plugins.
Preloading 0 native plugins for Editor in 0.00 ms.
Unloading 1899 Unused Serialized files (Serialized files now loaded: 0)
System memory in use before: 99.5 MB.
System memory in use after: 99.6 MB.

Unloading 15 unused Assets to reduce memory usage. Loaded Objects now: 2432.
Total: 4.142900 ms (FindLiveObjects: 0.250000 ms CreateObjectMapping: 0.100700 ms MarkObjects: 3.650100 ms  DeleteObjects: 0.141000 ms)

AssetImportParameters requested are different than current active one (requested -> active):
  custom:framework-win-MediaFoundation: 216162199b28c13a410421893ffa2e32 -> 
  custom:video-decoder-ogg-theora: a1e56fd34408186e4bbccfd4996cb3dc -> 
  custom:container-muxer-webm: aa71ff27fc2769a1b78a27578f13a17b -> 
  custom:container-demuxer-webm: 4f35f7cbe854078d1ac9338744f61a02 -> 
  custom:container-demuxer-ogg: 62fdf1f143b41e24485cea50d1cbac27 -> 
  custom:video-encoder-webm-vp8: eb34c28f22e8b96e1ab97ce403110664 -> 
  custom:video-codec-MediaFoundation-h265: 746d11721c4dcdbdad8f713fa42b33f4 -> 
  custom:video-decoder-webm-vp8: 9c59270c3fd7afecdb556c50c9e8de78 -> 
  custom:audio-decoder-ogg-vorbis: bf7c407c2cedff20999df2af8eb42d56 -> 
  custom:audio-encoder-webm-vorbis: bf7c407c2cedff20999df2af8eb42d56 -> 
========================================================================
Received Import Request.
  Time since last request: 460.291186 seconds.
  path: Assets/Models/lantern.fbx
  artifactKey: Guid(a639b176bac51384a8120571843c09ac) Importer(815301076,1909f56bfc062723c751e8b465ee728b)
Start importing Assets/Models/lantern.fbx using Guid(a639b176bac51384a8120571843c09ac) Importer(815301076,1909f56bfc062723c751e8b465ee728b)  -> (artifact id: 'db3288286e0fcc37563170c3a1d9e7ec') in 0.192910 seconds 
  Import took 0.196825 seconds .

========================================================================
Received Import Request.
  Time since last request: 293.203946 seconds.
  path: Assets/Prefab/BlackScreen.prefab
  artifactKey: Guid(3ae135b59d27a5443867c391a712c171) Importer(815301076,1909f56bfc062723c751e8b465ee728b)
Start importing Assets/Prefab/BlackScreen.prefab using Guid(3ae135b59d27a5443867c391a712c171) Importer(815301076,1909f56bfc062723c751e8b465ee728b)  -> (artifact id: '80d699fa867482f59639948484f32c5b') in 0.017621 seconds 
  Import took 0.022059 seconds .

========================================================================
Received Import Request.
  Time since last request: 0.000298 seconds.
  path: Assets/TextMesh Pro/Examples & Extras/Prefabs/TextMeshPro - Prefab 2.prefab
  artifactKey: Guid(fdad9d952ae84cafb74c63f2e694d042) Importer(815301076,1909f56bfc062723c751e8b465ee728b)
Start importing Assets/TextMesh Pro/Examples & Extras/Prefabs/TextMeshPro - Prefab 2.prefab using Guid(fdad9d952ae84cafb74c63f2e694d042) Importer(815301076,1909f56bfc062723c751e8b465ee728b)  -> (artifact id: '9b307d9394793dae5a95f7c23e519964') in 0.063325 seconds 
  Import took 0.067348 seconds .

========================================================================
Received Import Request.
  Time since last request: 0.000225 seconds.
  path: Assets/Prefab/Door.prefab
  artifactKey: Guid(4067a637d32ed604d85f0af2444d536d) Importer(815301076,1909f56bfc062723c751e8b465ee728b)
Start importing Assets/Prefab/Door.prefab using Guid(4067a637d32ed604d85f0af2444d536d) Importer(815301076,1909f56bfc062723c751e8b465ee728b)  -> (artifact id: 'd976fd02ae22ac45826013b12d63e3e1') in 0.015945 seconds 
  Import took 0.019901 seconds .

========================================================================
Received Import Request.
  Time since last request: 0.000299 seconds.
  path: Assets/Prefab/Key.prefab
  artifactKey: Guid(1249e9be86c71394c93ac2ef88c17bdb) Importer(815301076,1909f56bfc062723c751e8b465ee728b)
Start importing Assets/Prefab/Key.prefab using Guid(1249e9be86c71394c93ac2ef88c17bdb) Importer(815301076,1909f56bfc062723c751e8b465ee728b)  -> (artifact id: '09f0f8e80e6cc9d601ff86efc892acc8') in 0.013110 seconds 
  Import took 0.017622 seconds .

========================================================================
Received Import Request.
  Time since last request: 0.000282 seconds.
  path: Assets/TextMesh Pro/Examples & Extras/Prefabs/Text Popup.prefab
  artifactKey: Guid(b06f0e6c1dfa4356ac918da1bb32c603) Importer(815301076,1909f56bfc062723c751e8b465ee728b)
Start importing Assets/TextMesh Pro/Examples & Extras/Prefabs/Text Popup.prefab using Guid(b06f0e6c1dfa4356ac918da1bb32c603) Importer(815301076,1909f56bfc062723c751e8b465ee728b)  -> (artifact id: '1cfc9a213abdadeaaf50aead3d8ce267') in 0.041052 seconds 
  Import took 0.045614 seconds .

========================================================================
Received Import Request.
  Time since last request: 0.000258 seconds.
  path: Assets/Prefab/InvisImage.prefab
  artifactKey: Guid(27bee799bc63d0a4396a9677e9167132) Importer(815301076,1909f56bfc062723c751e8b465ee728b)
Start importing Assets/Prefab/InvisImage.prefab using Guid(27bee799bc63d0a4396a9677e9167132) Importer(815301076,1909f56bfc062723c751e8b465ee728b)  -> (artifact id: 'b267b6e9cd589e465ac426e2659a7166') in 0.007485 seconds 
  Import took 0.011127 seconds .

========================================================================
Received Import Request.
  Time since last request: 0.000232 seconds.
  path: Assets/TextMesh Pro/Examples & Extras/Prefabs/TextMeshPro - Prefab 1.prefab
  artifactKey: Guid(a6e39ced0ea046bcb636c3f0b2e2a745) Importer(815301076,1909f56bfc062723c751e8b465ee728b)
Start importing Assets/TextMesh Pro/Examples & Extras/Prefabs/TextMeshPro - Prefab 1.prefab using Guid(a6e39ced0ea046bcb636c3f0b2e2a745) Importer(815301076,1909f56bfc062723c751e8b465ee728b)  -> (artifact id: 'dd1bb29a7088494544637876f483c583') in 0.033844 seconds 
  Import took 0.038421 seconds .

========================================================================
Received Import Request.
  Time since last request: 0.000218 seconds.
  path: Assets/Prefab/Lava.prefab
  artifactKey: Guid(c6e7b791c1a810744910dfbfcd7ed242) Importer(815301076,1909f56bfc062723c751e8b465ee728b)
Start importing Assets/Prefab/Lava.prefab using Guid(c6e7b791c1a810744910dfbfcd7ed242) Importer(815301076,1909f56bfc062723c751e8b465ee728b)  -> (artifact id: '94b482acacbdf2d9bd762bd5a0178a3e') in 0.016458 seconds 
  Import took 0.020650 seconds .

========================================================================
Received Import Request.
  Time since last request: 0.000265 seconds.
  path: Assets/Prefab/Player.prefab
  artifactKey: Guid(a72d0469ed3b06c43ad198c28add6a7d) Importer(815301076,1909f56bfc062723c751e8b465ee728b)
Start importing Assets/Prefab/Player.prefab using Guid(a72d0469ed3b06c43ad198c28add6a7d) Importer(815301076,1909f56bfc062723c751e8b465ee728b)  -> (artifact id: '94420bf6d1f5ceae02b68e63c3533b31') in 0.087179 seconds 
  Import took 0.092384 seconds .

========================================================================
Received Import Request.
  Time since last request: 0.000197 seconds.
  path: Assets/Prefab/Dialouge.prefab
  artifactKey: Guid(687d958f7974cf84eab68351fa7cac40) Importer(815301076,1909f56bfc062723c751e8b465ee728b)
Start importing Assets/Prefab/Dialouge.prefab using Guid(687d958f7974cf84eab68351fa7cac40) Importer(815301076,1909f56bfc062723c751e8b465ee728b)  -> (artifact id: '46793cbd74e3064ada35a74bd1d27710') in 0.016175 seconds 
  Import took 0.020354 seconds .

========================================================================
Received Import Request.
  Time since last request: 0.000321 seconds.
  path: Assets/Prefab/HealthBar.prefab
  artifactKey: Guid(9f508a7b5571b6742bf4971ca1bcf51b) Importer(815301076,1909f56bfc062723c751e8b465ee728b)
Start importing Assets/Prefab/HealthBar.prefab using Guid(9f508a7b5571b6742bf4971ca1bcf51b) Importer(815301076,1909f56bfc062723c751e8b465ee728b)  -> (artifact id: '8c19ea9085061b7f89377d5d6dc13c53') in 0.007404 seconds 
  Import took 0.011791 seconds .

========================================================================
Received Import Request.
  Time since last request: 0.000316 seconds.
  path: Assets/Prefab/HealthBarSegments.prefab
  artifactKey: Guid(037c969ae76b4f74f883b86348d1f255) Importer(815301076,1909f56bfc062723c751e8b465ee728b)
Start importing Assets/Prefab/HealthBarSegments.prefab using Guid(037c969ae76b4f74f883b86348d1f255) Importer(815301076,1909f56bfc062723c751e8b465ee728b)  -> (artifact id: '181d0666d7b3c6fa07492fb9eb959e87') in 0.007691 seconds 
  Import took 0.011764 seconds .

========================================================================
Received Import Request.
  Time since last request: 0.000225 seconds.
  path: Assets/Prefab/Spike.prefab
  artifactKey: Guid(873fc981e458d8d44a195c2022206552) Importer(815301076,1909f56bfc062723c751e8b465ee728b)
Start importing Assets/Prefab/Spike.prefab using Guid(873fc981e458d8d44a195c2022206552) Importer(815301076,1909f56bfc062723c751e8b465ee728b)  -> (artifact id: '4a464999e30860ba4c906a88a59f32b9') in 0.015075 seconds 
  Import took 0.019813 seconds .

========================================================================
Received Import Request.
  Time since last request: 0.000285 seconds.
  path: Assets/Prefab/HealthPickup.prefab
  artifactKey: Guid(6e546fdaec3354043b0f4a2fddf2f754) Importer(815301076,1909f56bfc062723c751e8b465ee728b)
Start importing Assets/Prefab/HealthPickup.prefab using Guid(6e546fdaec3354043b0f4a2fddf2f754) Importer(815301076,1909f56bfc062723c751e8b465ee728b)  -> (artifact id: '24907777c594d1223e0aaa7afa053e34') in 0.015958 seconds 
  Import took 0.020109 seconds .

========================================================================
Received Import Request.
  Time since last request: 0.000234 seconds.
  path: Assets/Prefab/Checkpoint.prefab
  artifactKey: Guid(9da10fdaea8201341932d538c866f7e1) Importer(815301076,1909f56bfc062723c751e8b465ee728b)
Start importing Assets/Prefab/Checkpoint.prefab using Guid(9da10fdaea8201341932d538c866f7e1) Importer(815301076,1909f56bfc062723c751e8b465ee728b)  -> (artifact id: '549eeb1568e311378dbc01d0ed1ced1e') in 0.012362 seconds 
  Import took 0.016477 seconds .

========================================================================
Received Import Request.
  Time since last request: 93.061409 seconds.
  path: Assets/Materials/Cave Materials/Lantern.mat
  artifactKey: Guid(d6a26f1e64d74f8409d8784b9ad8359d) Importer(815301076,1909f56bfc062723c751e8b465ee728b)
Start importing Assets/Materials/Cave Materials/Lantern.mat using Guid(d6a26f1e64d74f8409d8784b9ad8359d) Importer(815301076,1909f56bfc062723c751e8b465ee728b)  -> (artifact id: 'cf62455eae863128215433542c1b9d37') in 0.012252 seconds 
  Import took 0.016363 seconds .

========================================================================
Received Import Request.
  Time since last request: 211.588519 seconds.
  path: Assets/Models
  artifactKey: Guid(54fba869946e2e845a59bb701f25a23c) Importer(815301076,1909f56bfc062723c751e8b465ee728b)
Start importing Assets/Models using Guid(54fba869946e2e845a59bb701f25a23c) Importer(815301076,1909f56bfc062723c751e8b465ee728b)  -> (artifact id: '3e1d24f93ab93e890ca045ee50f18262') in 0.003636 seconds 
  Import took 0.007125 seconds .

========================================================================
Received Import Request.
  Time since last request: 12.579647 seconds.
  path: Assets/Models/mini_gnome.fbx
  artifactKey: Guid(aa6466cd16007cb46ac2ac3862b96247) Importer(815301076,1909f56bfc062723c751e8b465ee728b)
Start importing Assets/Models/mini_gnome.fbx using Guid(aa6466cd16007cb46ac2ac3862b96247) Importer(815301076,1909f56bfc062723c751e8b465ee728b)  -> (artifact id: '94f6132ccdfc4e04b20afcfade4561d1') in 0.183583 seconds 
  Import took 0.188504 seconds .

========================================================================
Received Import Request.
  Time since last request: 97.682614 seconds.
  path: Assets/Animations/Walking.fbx
  artifactKey: Guid(4c255521d0422c14eb332d77a2b9283d) Importer(815301076,1909f56bfc062723c751e8b465ee728b)
Start importing Assets/Animations/Walking.fbx using Guid(4c255521d0422c14eb332d77a2b9283d) Importer(815301076,1909f56bfc062723c751e8b465ee728b)  -> (artifact id: '9e3a83517d5c15b409b278d4b716160a') in 0.042164 seconds 
  Import took 0.052074 seconds .

========================================================================
Received Import Request.
  Time since last request: 0.000208 seconds.
  path: Assets/Sprites/Ch09_nonPBR.fbx
  artifactKey: Guid(7309fff2948629241bd761a9feae6db0) Importer(815301076,1909f56bfc062723c751e8b465ee728b)
Start importing Assets/Sprites/Ch09_nonPBR.fbx using Guid(7309fff2948629241bd761a9feae6db0) Importer(815301076,1909f56bfc062723c751e8b465ee728b)  -> (artifact id: '174779fbd63dc5a83106bb08b5b24696') in 0.042210 seconds 
  Import took 0.047430 seconds .

========================================================================
Received Prepare
Registering precompiled user dll's ...
Registered in 0.004407 seconds.
Begin MonoManager ReloadAssembly
Native extension for WindowsStandalone target not found
Native extension for OSXStandalone target not found
Native extension for WebGL target not found
Refreshing native plugins compatible for Editor in 0.58 ms, found 2 plugins.
Preloading 0 native plugins for Editor in 0.00 ms.
Mono: successfully reloaded assembly
- Completed reload, in  1.222 seconds
Domain Reload Profiling:
	ReloadAssembly (1223ms)
		BeginReloadAssembly (150ms)
			ExecutionOrderSort (0ms)
			DisableScriptedObjects (5ms)
			BackupInstance (0ms)
			ReleaseScriptingObjects (0ms)
			CreateAndSetChildDomain (44ms)
		EndReloadAssembly (997ms)
			LoadAssemblies (121ms)
			RebuildTransferFunctionScriptingTraits (0ms)
			SetupTypeCache (328ms)
			ReleaseScriptCaches (3ms)
			RebuildScriptCaches (48ms)
			SetupLoadedEditorAssemblies (385ms)
				LogAssemblyErrors (0ms)
				InitializePlatformSupportModulesInManaged (7ms)
				SetLoadedEditorAssemblies (1ms)
				RefreshPlugins (1ms)
				BeforeProcessingInitializeOnLoad (94ms)
				ProcessInitializeOnLoadAttributes (265ms)
				ProcessInitializeOnLoadMethodAttributes (10ms)
				AfterProcessingInitializeOnLoad (7ms)
				EditorAssembliesLoaded (0ms)
			ExecutionOrderSort2 (0ms)
			AwakeInstancesAfterBackupRestoration (10ms)
Platform modules already initialized, skipping
Refreshing native plugins compatible for Editor in 0.69 ms, found 2 plugins.
Preloading 0 native plugins for Editor in 0.00 ms.
Unloading 1899 Unused Serialized files (Serialized files now loaded: 0)
System memory in use before: 113.5 MB.
System memory in use after: 113.6 MB.

Unloading 17 unused Assets to reduce memory usage. Loaded Objects now: 2443.
Total: 3.732100 ms (FindLiveObjects: 0.167400 ms CreateObjectMapping: 0.072700 ms MarkObjects: 3.381400 ms  DeleteObjects: 0.109500 ms)

AssetImportParameters requested are different than current active one (requested -> active):
  custom:framework-win-MediaFoundation: 216162199b28c13a410421893ffa2e32 -> 
  custom:video-decoder-ogg-theora: a1e56fd34408186e4bbccfd4996cb3dc -> 
  custom:container-muxer-webm: aa71ff27fc2769a1b78a27578f13a17b -> 
  custom:container-demuxer-webm: 4f35f7cbe854078d1ac9338744f61a02 -> 
  custom:container-demuxer-ogg: 62fdf1f143b41e24485cea50d1cbac27 -> 
  custom:video-encoder-webm-vp8: eb34c28f22e8b96e1ab97ce403110664 -> 
  custom:video-codec-MediaFoundation-h265: 746d11721c4dcdbdad8f713fa42b33f4 -> 
  custom:video-decoder-webm-vp8: 9c59270c3fd7afecdb556c50c9e8de78 -> 
  custom:audio-decoder-ogg-vorbis: bf7c407c2cedff20999df2af8eb42d56 -> 
  custom:audio-encoder-webm-vorbis: bf7c407c2cedff20999df2af8eb42d56 -> 
========================================================================
Received Import Request.
  Time since last request: 549.475725 seconds.
  path: Assets/Prefab
  artifactKey: Guid(6e6d6bbefc1d1db47a2a78f24fcb0b6e) Importer(815301076,1909f56bfc062723c751e8b465ee728b)
Start importing Assets/Prefab using Guid(6e6d6bbefc1d1db47a2a78f24fcb0b6e) Importer(815301076,1909f56bfc062723c751e8b465ee728b)  -> (artifact id: '96f3820b4fce60cdb6a781413465cb3c') in 0.006651 seconds 
  Import took 0.010200 seconds .

========================================================================
Received Import Request.
  Time since last request: 4.374663 seconds.
  path: Assets/Prefab/mini_gnome.prefab
  artifactKey: Guid(844bdb15ee31ccc45b5cfcad00ee44aa) Importer(815301076,1909f56bfc062723c751e8b465ee728b)
Start importing Assets/Prefab/mini_gnome.prefab using Guid(844bdb15ee31ccc45b5cfcad00ee44aa) Importer(815301076,1909f56bfc062723c751e8b465ee728b)  -> (artifact id: '3de4d3317f1a16cab935c9cd424c3a26') in 0.106526 seconds 
  Import took 0.114183 seconds .

========================================================================
Received Import Request.
  Time since last request: 520.663680 seconds.
  path: Assets/Materials/Cave Materials/Stone.mat
  artifactKey: Guid(de308a97a50893343b21b2c86da0fa9f) Importer(815301076,1909f56bfc062723c751e8b465ee728b)
Start importing Assets/Materials/Cave Materials/Stone.mat using Guid(de308a97a50893343b21b2c86da0fa9f) Importer(815301076,1909f56bfc062723c751e8b465ee728b)  -> (artifact id: 'de4e9437445227f6afc6aeb273e97d8c') in 0.030092 seconds 
  Import took 0.034144 seconds .

========================================================================
Received Prepare
Registering precompiled user dll's ...
Registered in 0.004459 seconds.
Begin MonoManager ReloadAssembly
Native extension for WindowsStandalone target not found
Native extension for OSXStandalone target not found
Native extension for WebGL target not found
Refreshing native plugins compatible for Editor in 1.00 ms, found 2 plugins.
Preloading 0 native plugins for Editor in 0.00 ms.
Mono: successfully reloaded assembly
- Completed reload, in  1.157 seconds
Domain Reload Profiling:
	ReloadAssembly (1157ms)
		BeginReloadAssembly (137ms)
			ExecutionOrderSort (0ms)
			DisableScriptedObjects (4ms)
			BackupInstance (0ms)
			ReleaseScriptingObjects (0ms)
			CreateAndSetChildDomain (40ms)
		EndReloadAssembly (947ms)
			LoadAssemblies (109ms)
			RebuildTransferFunctionScriptingTraits (0ms)
			SetupTypeCache (315ms)
			ReleaseScriptCaches (1ms)
			RebuildScriptCaches (45ms)
			SetupLoadedEditorAssemblies (364ms)
				LogAssemblyErrors (0ms)
				InitializePlatformSupportModulesInManaged (14ms)
				SetLoadedEditorAssemblies (1ms)
				RefreshPlugins (1ms)
				BeforeProcessingInitializeOnLoad (92ms)
				ProcessInitializeOnLoadAttributes (241ms)
				ProcessInitializeOnLoadMethodAttributes (10ms)
				AfterProcessingInitializeOnLoad (6ms)
				EditorAssembliesLoaded (0ms)
			ExecutionOrderSort2 (0ms)
			AwakeInstancesAfterBackupRestoration (11ms)
Platform modules already initialized, skipping
Refreshing native plugins compatible for Editor in 0.55 ms, found 2 plugins.
Preloading 0 native plugins for Editor in 0.00 ms.
Unloading 1899 Unused Serialized files (Serialized files now loaded: 0)
System memory in use before: 113.5 MB.
System memory in use after: 113.6 MB.

Unloading 15 unused Assets to reduce memory usage. Loaded Objects now: 2446.
Total: 3.666700 ms (FindLiveObjects: 0.178300 ms CreateObjectMapping: 0.071200 ms MarkObjects: 3.303100 ms  DeleteObjects: 0.113000 ms)

AssetImportParameters requested are different than current active one (requested -> active):
  custom:framework-win-MediaFoundation: 216162199b28c13a410421893ffa2e32 -> 
  custom:video-decoder-ogg-theora: a1e56fd34408186e4bbccfd4996cb3dc -> 
  custom:container-muxer-webm: aa71ff27fc2769a1b78a27578f13a17b -> 
  custom:container-demuxer-webm: 4f35f7cbe854078d1ac9338744f61a02 -> 
  custom:container-demuxer-ogg: 62fdf1f143b41e24485cea50d1cbac27 -> 
  custom:video-encoder-webm-vp8: eb34c28f22e8b96e1ab97ce403110664 -> 
  custom:video-codec-MediaFoundation-h265: 746d11721c4dcdbdad8f713fa42b33f4 -> 
  custom:video-decoder-webm-vp8: 9c59270c3fd7afecdb556c50c9e8de78 -> 
  custom:audio-decoder-ogg-vorbis: bf7c407c2cedff20999df2af8eb42d56 -> 
  custom:audio-encoder-webm-vorbis: bf7c407c2cedff20999df2af8eb42d56 -> 
========================================================================
Received Import Request.
  Time since last request: 325.762442 seconds.
  path: Assets/Materials/Cave Materials/Lantern.mat
  artifactKey: Guid(d6a26f1e64d74f8409d8784b9ad8359d) Importer(815301076,1909f56bfc062723c751e8b465ee728b)
Start importing Assets/Materials/Cave Materials/Lantern.mat using Guid(d6a26f1e64d74f8409d8784b9ad8359d) Importer(815301076,1909f56bfc062723c751e8b465ee728b)  -> (artifact id: 'e1d80c0585d8dc3ea650f8899cf473e9') in 0.099873 seconds 
  Import took 0.106153 seconds .

========================================================================
Received Import Request.
  Time since last request: 31.106372 seconds.
  path: Assets/Materials/Cave Materials/Lantern_Glass.mat
  artifactKey: Guid(d6a26f1e64d74f8409d8784b9ad8359d) Importer(815301076,1909f56bfc062723c751e8b465ee728b)
Start importing Assets/Materials/Cave Materials/Lantern_Glass.mat using Guid(d6a26f1e64d74f8409d8784b9ad8359d) Importer(815301076,1909f56bfc062723c751e8b465ee728b)  -> (artifact id: 'd0a329bc279604b158fea97bc8383177') in 0.015870 seconds 
  Import took 0.019900 seconds .

========================================================================
Received Import Request.
  Time since last request: 23.622956 seconds.
  path: Assets/Materials/Cave Materials/Lantern_rust.mat
  artifactKey: Guid(28e9a4f567a7af042bb1f4c65158cbca) Importer(815301076,1909f56bfc062723c751e8b465ee728b)
Start importing Assets/Materials/Cave Materials/Lantern_rust.mat using Guid(28e9a4f567a7af042bb1f4c65158cbca) Importer(815301076,1909f56bfc062723c751e8b465ee728b)  -> (artifact id: '0939fc41309824e98484d6d2b4cf3621') in 0.014854 seconds 
  Import took 0.018445 seconds .

========================================================================
Received Import Request.
  Time since last request: 20.308988 seconds.
  path: Assets/Materials/Cave Materials/Bump Map.png
  artifactKey: Guid(8d02f5d71102fe14a9fb677e61cf9313) Importer(815301076,1909f56bfc062723c751e8b465ee728b)
Start importing Assets/Materials/Cave Materials/Bump Map.png using Guid(8d02f5d71102fe14a9fb677e61cf9313) Importer(815301076,1909f56bfc062723c751e8b465ee728b)  -> (artifact id: '54079a9850fbed8144cde6fc76adf465') in 0.019238 seconds 
  Import took 0.023843 seconds .

========================================================================
Received Import Request.
  Time since last request: 2.131058 seconds.
  path: Assets/Materials/Cave Materials/Diffuse Map.png
  artifactKey: Guid(5222473e966a7f44ea174df06491948c) Importer(815301076,1909f56bfc062723c751e8b465ee728b)
Start importing Assets/Materials/Cave Materials/Diffuse Map.png using Guid(5222473e966a7f44ea174df06491948c) Importer(815301076,1909f56bfc062723c751e8b465ee728b)  -> (artifact id: 'bc347770162528ad51d57c3444d0b4a4') in 0.012150 seconds 
  Import took 0.016043 seconds .

========================================================================
Received Import Request.
  Time since last request: 2.191168 seconds.
  path: Assets/Materials/Cave Materials/Normal Map S.png
  artifactKey: Guid(10b61e689796f5c4ebd97996c5ff4f57) Importer(815301076,1909f56bfc062723c751e8b465ee728b)
Start importing Assets/Materials/Cave Materials/Normal Map S.png using Guid(10b61e689796f5c4ebd97996c5ff4f57) Importer(815301076,1909f56bfc062723c751e8b465ee728b)  -> (artifact id: 'e24ca2ee2f03aa7f903a7268943c2dfd') in 0.015572 seconds 
  Import took 0.019661 seconds .

========================================================================
Received Import Request.
  Time since last request: 2.145195 seconds.
  path: Assets/Materials/Cave Materials/Specular.png
  artifactKey: Guid(7b7b67723e8ea9a4b9eda2a03ad0e0f4) Importer(815301076,1909f56bfc062723c751e8b465ee728b)
Start importing Assets/Materials/Cave Materials/Specular.png using Guid(7b7b67723e8ea9a4b9eda2a03ad0e0f4) Importer(815301076,1909f56bfc062723c751e8b465ee728b)  -> (artifact id: '8591a4489db7838b6668187e19de77e8') in 0.014277 seconds 
  Import took 0.018000 seconds .

========================================================================
Received Prepare
Registering precompiled user dll's ...
Registered in 0.004174 seconds.
Begin MonoManager ReloadAssembly
Native extension for WindowsStandalone target not found
Native extension for OSXStandalone target not found
Native extension for WebGL target not found
Refreshing native plugins compatible for Editor in 1.00 ms, found 2 plugins.
Preloading 0 native plugins for Editor in 0.00 ms.
Mono: successfully reloaded assembly
- Completed reload, in  1.177 seconds
Domain Reload Profiling:
	ReloadAssembly (1177ms)
		BeginReloadAssembly (126ms)
			ExecutionOrderSort (0ms)
			DisableScriptedObjects (4ms)
			BackupInstance (0ms)
			ReleaseScriptingObjects (0ms)
			CreateAndSetChildDomain (39ms)
		EndReloadAssembly (979ms)
			LoadAssemblies (112ms)
			RebuildTransferFunctionScriptingTraits (0ms)
			SetupTypeCache (343ms)
			ReleaseScriptCaches (1ms)
			RebuildScriptCaches (44ms)
			SetupLoadedEditorAssemblies (367ms)
				LogAssemblyErrors (0ms)
				InitializePlatformSupportModulesInManaged (7ms)
				SetLoadedEditorAssemblies (1ms)
				RefreshPlugins (1ms)
				BeforeProcessingInitializeOnLoad (93ms)
				ProcessInitializeOnLoadAttributes (249ms)
				ProcessInitializeOnLoadMethodAttributes (10ms)
				AfterProcessingInitializeOnLoad (6ms)
				EditorAssembliesLoaded (0ms)
			ExecutionOrderSort2 (0ms)
			AwakeInstancesAfterBackupRestoration (8ms)
Platform modules already initialized, skipping
Refreshing native plugins compatible for Editor in 0.59 ms, found 2 plugins.
Preloading 0 native plugins for Editor in 0.00 ms.
Unloading 1899 Unused Serialized files (Serialized files now loaded: 0)
System memory in use before: 113.6 MB.
System memory in use after: 113.7 MB.

Unloading 15 unused Assets to reduce memory usage. Loaded Objects now: 2449.
Total: 3.645900 ms (FindLiveObjects: 0.208400 ms CreateObjectMapping: 0.070200 ms MarkObjects: 3.232500 ms  DeleteObjects: 0.133600 ms)

AssetImportParameters requested are different than current active one (requested -> active):
  custom:framework-win-MediaFoundation: 216162199b28c13a410421893ffa2e32 -> 
  custom:video-decoder-ogg-theora: a1e56fd34408186e4bbccfd4996cb3dc -> 
  custom:container-muxer-webm: aa71ff27fc2769a1b78a27578f13a17b -> 
  custom:container-demuxer-webm: 4f35f7cbe854078d1ac9338744f61a02 -> 
  custom:container-demuxer-ogg: 62fdf1f143b41e24485cea50d1cbac27 -> 
  custom:video-encoder-webm-vp8: eb34c28f22e8b96e1ab97ce403110664 -> 
  custom:video-codec-MediaFoundation-h265: 746d11721c4dcdbdad8f713fa42b33f4 -> 
  custom:video-decoder-webm-vp8: 9c59270c3fd7afecdb556c50c9e8de78 -> 
  custom:audio-decoder-ogg-vorbis: bf7c407c2cedff20999df2af8eb42d56 -> 
  custom:audio-encoder-webm-vorbis: bf7c407c2cedff20999df2af8eb42d56 -> 
========================================================================
Received Prepare
Registering precompiled user dll's ...
Registered in 0.004158 seconds.
Begin MonoManager ReloadAssembly
Native extension for WindowsStandalone target not found
Native extension for OSXStandalone target not found
Native extension for WebGL target not found
Refreshing native plugins compatible for Editor in 0.69 ms, found 2 plugins.
Preloading 0 native plugins for Editor in 0.00 ms.
Mono: successfully reloaded assembly
- Completed reload, in  1.174 seconds
Domain Reload Profiling:
	ReloadAssembly (1175ms)
		BeginReloadAssembly (131ms)
			ExecutionOrderSort (0ms)
			DisableScriptedObjects (5ms)
			BackupInstance (0ms)
			ReleaseScriptingObjects (0ms)
			CreateAndSetChildDomain (34ms)
		EndReloadAssembly (967ms)
			LoadAssemblies (120ms)
			RebuildTransferFunctionScriptingTraits (0ms)
			SetupTypeCache (322ms)
			ReleaseScriptCaches (1ms)
			RebuildScriptCaches (44ms)
			SetupLoadedEditorAssemblies (368ms)
				LogAssemblyErrors (0ms)
				InitializePlatformSupportModulesInManaged (8ms)
				SetLoadedEditorAssemblies (2ms)
				RefreshPlugins (1ms)
				BeforeProcessingInitializeOnLoad (91ms)
				ProcessInitializeOnLoadAttributes (249ms)
				ProcessInitializeOnLoadMethodAttributes (10ms)
				AfterProcessingInitializeOnLoad (7ms)
				EditorAssembliesLoaded (0ms)
			ExecutionOrderSort2 (0ms)
			AwakeInstancesAfterBackupRestoration (10ms)
Platform modules already initialized, skipping
Refreshing native plugins compatible for Editor in 0.60 ms, found 2 plugins.
Preloading 0 native plugins for Editor in 0.00 ms.
Unloading 1899 Unused Serialized files (Serialized files now loaded: 0)
System memory in use before: 113.6 MB.
System memory in use after: 113.7 MB.

Unloading 15 unused Assets to reduce memory usage. Loaded Objects now: 2451.
Total: 4.447800 ms (FindLiveObjects: 0.181900 ms CreateObjectMapping: 0.070500 ms MarkObjects: 4.014300 ms  DeleteObjects: 0.179300 ms)

AssetImportParameters requested are different than current active one (requested -> active):
  custom:framework-win-MediaFoundation: 216162199b28c13a410421893ffa2e32 -> 
  custom:video-decoder-ogg-theora: a1e56fd34408186e4bbccfd4996cb3dc -> 
  custom:container-muxer-webm: aa71ff27fc2769a1b78a27578f13a17b -> 
  custom:container-demuxer-webm: 4f35f7cbe854078d1ac9338744f61a02 -> 
  custom:container-demuxer-ogg: 62fdf1f143b41e24485cea50d1cbac27 -> 
  custom:video-encoder-webm-vp8: eb34c28f22e8b96e1ab97ce403110664 -> 
  custom:video-codec-MediaFoundation-h265: 746d11721c4dcdbdad8f713fa42b33f4 -> 
  custom:video-decoder-webm-vp8: 9c59270c3fd7afecdb556c50c9e8de78 -> 
  custom:audio-decoder-ogg-vorbis: bf7c407c2cedff20999df2af8eb42d56 -> 
  custom:audio-encoder-webm-vorbis: bf7c407c2cedff20999df2af8eb42d56 -> 
========================================================================
Received Import Request.
  Time since last request: 192.201319 seconds.
  path: Assets/Prefab/lantern.prefab
  artifactKey: Guid(b20465ae42bb9ee46989813482b819c3) Importer(815301076,1909f56bfc062723c751e8b465ee728b)
Start importing Assets/Prefab/lantern.prefab using Guid(b20465ae42bb9ee46989813482b819c3) Importer(815301076,1909f56bfc062723c751e8b465ee728b)  -> (artifact id: '6ab7d023677e4c561b06d79c7b4fd05e') in 0.073391 seconds 
  Import took 0.077514 seconds .

========================================================================
Received Import Request.
  Time since last request: 284.755092 seconds.
  path: Assets/Prefab/lantern 1.prefab
  artifactKey: Guid(1abe033deee02ce49b3b5c80f03c9be6) Importer(815301076,1909f56bfc062723c751e8b465ee728b)
Start importing Assets/Prefab/lantern 1.prefab using Guid(1abe033deee02ce49b3b5c80f03c9be6) Importer(815301076,1909f56bfc062723c751e8b465ee728b)  -> (artifact id: '648ca21b0a1f83a34bd1658f874d7f85') in 0.019517 seconds 
  Import took 0.024217 seconds .

========================================================================
Received Import Request.
  Time since last request: 272.617112 seconds.
  path: Assets/Materials/Cave Materials/Lantern_rust.mat
  artifactKey: Guid(28e9a4f567a7af042bb1f4c65158cbca) Importer(815301076,1909f56bfc062723c751e8b465ee728b)
Start importing Assets/Materials/Cave Materials/Lantern_rust.mat using Guid(28e9a4f567a7af042bb1f4c65158cbca) Importer(815301076,1909f56bfc062723c751e8b465ee728b)  -> (artifact id: '38ddc6994b1212f7abdb26a14be7423c') in 0.059192 seconds 
  Import took 0.063272 seconds .

========================================================================
Received Import Request.
  Time since last request: 10.908587 seconds.
  path: Assets/ProBuilder Data/Default Material Palette.asset
  artifactKey: Guid(438c1005ceff543469e0fee37fa9098e) Importer(815301076,1909f56bfc062723c751e8b465ee728b)
Start importing Assets/ProBuilder Data/Default Material Palette.asset using Guid(438c1005ceff543469e0fee37fa9098e) Importer(815301076,1909f56bfc062723c751e8b465ee728b)  -> (artifact id: '9544387959fe76bf698445bce1f938b2') in 0.008476 seconds 
  Import took 0.012953 seconds .

========================================================================
Received Import Request.
  Time since last request: 4.979817 seconds.
  path: Assets/TextMesh Pro/Examples & Extras/Resources/Fonts & Materials/Anton SDF - Drop Shadow.mat
  artifactKey: Guid(749b9069dc4742c5bfa5c74644049926) Importer(815301076,1909f56bfc062723c751e8b465ee728b)
Start importing Assets/TextMesh Pro/Examples & Extras/Resources/Fonts & Materials/Anton SDF - Drop Shadow.mat using Guid(749b9069dc4742c5bfa5c74644049926) Importer(815301076,1909f56bfc062723c751e8b465ee728b)  -> (artifact id: '2f5f62985db23ee76a099c5662db1705') in 0.092101 seconds 
  Import took 0.096184 seconds .

========================================================================
Received Import Request.
  Time since last request: 0.000203 seconds.
  path: Assets/TextMesh Pro/Examples & Extras/Resources/Fonts & Materials/Anton SDF.asset
  artifactKey: Guid(8a89fa14b10d46a99122fd4f73fca9a2) Importer(815301076,1909f56bfc062723c751e8b465ee728b)
Start importing Assets/TextMesh Pro/Examples & Extras/Resources/Fonts & Materials/Anton SDF.asset using Guid(8a89fa14b10d46a99122fd4f73fca9a2) Importer(815301076,1909f56bfc062723c751e8b465ee728b)  -> (artifact id: '712cec39fbc2a66fb796f2f4fc1eaa72') in 0.040358 seconds 
  Import took 0.044003 seconds .

========================================================================
Received Import Request.
  Time since last request: 0.000205 seconds.
  path: Assets/TextMesh Pro/Examples & Extras/Resources/Fonts & Materials/Bangers SDF - Outline.mat
  artifactKey: Guid(f629c6e43dba4bf38cb74d8860150664) Importer(815301076,1909f56bfc062723c751e8b465ee728b)
Start importing Assets/TextMesh Pro/Examples & Extras/Resources/Fonts & Materials/Bangers SDF - Outline.mat using Guid(f629c6e43dba4bf38cb74d8860150664) Importer(815301076,1909f56bfc062723c751e8b465ee728b)  -> (artifact id: '4679cfa943babcf2e899339bf37be547') in 0.071948 seconds 
  Import took 0.076453 seconds .

========================================================================
Received Import Request.
  Time since last request: 0.000220 seconds.
  path: Assets/TextMesh Pro/Examples & Extras/Resources/Fonts & Materials/Anton SDF - Sunny Days.mat
  artifactKey: Guid(6522f30e342599e4e9dd4cc2cc03c830) Importer(815301076,1909f56bfc062723c751e8b465ee728b)
Start importing Assets/TextMesh Pro/Examples & Extras/Resources/Fonts & Materials/Anton SDF - Sunny Days.mat using Guid(6522f30e342599e4e9dd4cc2cc03c830) Importer(815301076,1909f56bfc062723c751e8b465ee728b)  -> (artifact id: '2b4b3bb17d81f844cc1bc83169a9697a') in 0.142026 seconds 
  Import took 0.146041 seconds .

========================================================================
Received Import Request.
  Time since last request: 0.000243 seconds.
  path: Assets/TextMesh Pro/Examples & Extras/Resources/Fonts & Materials/Bangers SDF - Drop Shadow.mat
  artifactKey: Guid(f2dcf029949142e28b974630369c8b4e) Importer(815301076,1909f56bfc062723c751e8b465ee728b)
Start importing Assets/TextMesh Pro/Examples & Extras/Resources/Fonts & Materials/Bangers SDF - Drop Shadow.mat using Guid(f2dcf029949142e28b974630369c8b4e) Importer(815301076,1909f56bfc062723c751e8b465ee728b)  -> (artifact id: '09d429fa8d069536d0fe27da71296c94') in 0.011707 seconds 
  Import took 0.016028 seconds .

========================================================================
Received Import Request.
  Time since last request: 0.000395 seconds.
  path: Assets/TextMesh Pro/Examples & Extras/Resources/Fonts & Materials/Anton SDF - Outline.mat
  artifactKey: Guid(a00013af81304728b2be1f4309ee2433) Importer(815301076,1909f56bfc062723c751e8b465ee728b)
Start importing Assets/TextMesh Pro/Examples & Extras/Resources/Fonts & Materials/Anton SDF - Outline.mat using Guid(a00013af81304728b2be1f4309ee2433) Importer(815301076,1909f56bfc062723c751e8b465ee728b)  -> (artifact id: 'cd6646960631d1b73778b1bf160bab52') in 0.014369 seconds 
  Import took 0.020096 seconds .

========================================================================
Received Import Request.
  Time since last request: 1.303019 seconds.
  path: Assets/TextMesh Pro/Examples & Extras/Resources/Fonts & Materials/Bangers SDF Glow.mat
  artifactKey: Guid(d75b8f41e959450c84ac6e967084d3e1) Importer(815301076,1909f56bfc062723c751e8b465ee728b)
Start importing Assets/TextMesh Pro/Examples & Extras/Resources/Fonts & Materials/Bangers SDF Glow.mat using Guid(d75b8f41e959450c84ac6e967084d3e1) Importer(815301076,1909f56bfc062723c751e8b465ee728b)  -> (artifact id: '67ace0c32981ae21571482f215c7ae7f') in 0.112545 seconds 
  Import took 0.117452 seconds .

========================================================================
Received Import Request.
  Time since last request: 0.000359 seconds.
  path: Assets/TextMesh Pro/Examples & Extras/Resources/Fonts & Materials/Bangers SDF Logo.mat
  artifactKey: Guid(f4e195ac1e204eff960149d1cb34e18c) Importer(815301076,1909f56bfc062723c751e8b465ee728b)
Start importing Assets/TextMesh Pro/Examples & Extras/Resources/Fonts & Materials/Bangers SDF Logo.mat using Guid(f4e195ac1e204eff960149d1cb34e18c) Importer(815301076,1909f56bfc062723c751e8b465ee728b)  -> (artifact id: 'b111d7731ca511724c1d13dd77f67fe6') in 0.376271 seconds 
  Import took 0.380724 seconds .

========================================================================
Received Import Request.
  Time since last request: 0.000241 seconds.
  path: Assets/TextMesh Pro/Examples & Extras/Resources/Fonts & Materials/Bangers SDF.asset
  artifactKey: Guid(125cb55b44b24c4393181402bc6200e6) Importer(815301076,1909f56bfc062723c751e8b465ee728b)
Start importing Assets/TextMesh Pro/Examples & Extras/Resources/Fonts & Materials/Bangers SDF.asset using Guid(125cb55b44b24c4393181402bc6200e6) Importer(815301076,1909f56bfc062723c751e8b465ee728b)  -> (artifact id: 'ef29c4ca34d686f87dc8e17cf43b25fd') in 0.021274 seconds 
  Import took 0.025673 seconds .

========================================================================
Received Import Request.
  Time since last request: 0.000218 seconds.
  path: Assets/Materials/Cassandra Materials/Blue.mat
  artifactKey: Guid(175794f0503b5a648a6e2d8dc95e63e0) Importer(815301076,1909f56bfc062723c751e8b465ee728b)
Start importing Assets/Materials/Cassandra Materials/Blue.mat using Guid(175794f0503b5a648a6e2d8dc95e63e0) Importer(815301076,1909f56bfc062723c751e8b465ee728b)  -> (artifact id: 'dfe94c47a2adf032a6ce497cf4a4879d') in 0.013321 seconds 
  Import took 0.017819 seconds .

========================================================================
Received Import Request.
  Time since last request: 691.699412 seconds.
  path: Assets/Models/boss.fbx
  artifactKey: Guid(3fa3250f0bdfa1a4680e40e6efff927d) Importer(815301076,1909f56bfc062723c751e8b465ee728b)
Start importing Assets/Models/boss.fbx using Guid(3fa3250f0bdfa1a4680e40e6efff927d) Importer(815301076,1909f56bfc062723c751e8b465ee728b)  -> (artifact id: 'a657c8c3098cd86c49f1645e5b044e18') in 0.120783 seconds 
  Import took 0.125282 seconds .

========================================================================
Received Import Request.
  Time since last request: 191.630797 seconds.
  path: Assets/Materials/Cassandra Materials/Floor.mat
  artifactKey: Guid(31dc3ca2cc51aa946bba66816246d4ed) Importer(815301076,1909f56bfc062723c751e8b465ee728b)
Start importing Assets/Materials/Cassandra Materials/Floor.mat using Guid(31dc3ca2cc51aa946bba66816246d4ed) Importer(815301076,1909f56bfc062723c751e8b465ee728b)  -> (artifact id: 'cddd72b553c8767faac05bc8d0f94426') in 0.011339 seconds 
  Import took 0.015192 seconds .

========================================================================
Received Import Request.
  Time since last request: 0.000283 seconds.
  path: Assets/Materials/Cassandra Materials/Spawn.mat
  artifactKey: Guid(7aff69f849c3ec64bacd2e524bd9a831) Importer(815301076,1909f56bfc062723c751e8b465ee728b)
Start importing Assets/Materials/Cassandra Materials/Spawn.mat using Guid(7aff69f849c3ec64bacd2e524bd9a831) Importer(815301076,1909f56bfc062723c751e8b465ee728b)  -> (artifact id: 'e88c16456f1f63408e2d6f8d8955cdcc') in 0.012262 seconds 
  Import took 0.016192 seconds .

========================================================================
Received Import Request.
  Time since last request: 0.000233 seconds.
  path: Assets/Materials/Cassandra Materials/Red.mat
  artifactKey: Guid(7183f553f61875f44bd5cf30c6327021) Importer(815301076,1909f56bfc062723c751e8b465ee728b)
Start importing Assets/Materials/Cassandra Materials/Red.mat using Guid(7183f553f61875f44bd5cf30c6327021) Importer(815301076,1909f56bfc062723c751e8b465ee728b)  -> (artifact id: '2be8040bedc6f8ef55b95932dfa8fce4') in 0.010974 seconds 
  Import took 0.015137 seconds .

========================================================================
Received Import Request.
  Time since last request: 0.000224 seconds.
  path: Assets/Materials/Cassandra Materials/Portals.mat
  artifactKey: Guid(f001bc91ba19d1a468371be4afcce529) Importer(815301076,1909f56bfc062723c751e8b465ee728b)
Start importing Assets/Materials/Cassandra Materials/Portals.mat using Guid(f001bc91ba19d1a468371be4afcce529) Importer(815301076,1909f56bfc062723c751e8b465ee728b)  -> (artifact id: '8d2d89af10656e6f40b031a89baa2437') in 0.012238 seconds 
  Import took 0.016763 seconds .

========================================================================
Received Import Request.
  Time since last request: 0.000201 seconds.
  path: Assets/Materials/Cassandra Materials/Walls.mat
  artifactKey: Guid(faf81dc5bf2f21b46af77e6010830af3) Importer(815301076,1909f56bfc062723c751e8b465ee728b)
Start importing Assets/Materials/Cassandra Materials/Walls.mat using Guid(faf81dc5bf2f21b46af77e6010830af3) Importer(815301076,1909f56bfc062723c751e8b465ee728b)  -> (artifact id: 'e8a48bdfcbb16e182a459079dd8d45f3') in 0.013086 seconds 
  Import took 0.017161 seconds .

========================================================================
Received Prepare
Registering precompiled user dll's ...
Registered in 0.008760 seconds.
Begin MonoManager ReloadAssembly
Native extension for WindowsStandalone target not found
Native extension for OSXStandalone target not found
Native extension for WebGL target not found
Refreshing native plugins compatible for Editor in 0.74 ms, found 2 plugins.
Preloading 0 native plugins for Editor in 0.00 ms.
Mono: successfully reloaded assembly
- Completed reload, in  1.761 seconds
Domain Reload Profiling:
	ReloadAssembly (1762ms)
		BeginReloadAssembly (181ms)
			ExecutionOrderSort (0ms)
			DisableScriptedObjects (8ms)
			BackupInstance (0ms)
			ReleaseScriptingObjects (0ms)
			CreateAndSetChildDomain (53ms)
		EndReloadAssembly (1467ms)
			LoadAssemblies (164ms)
			RebuildTransferFunctionScriptingTraits (0ms)
			SetupTypeCache (497ms)
			ReleaseScriptCaches (1ms)
			RebuildScriptCaches (70ms)
			SetupLoadedEditorAssemblies (577ms)
				LogAssemblyErrors (0ms)
				InitializePlatformSupportModulesInManaged (13ms)
				SetLoadedEditorAssemblies (1ms)
				RefreshPlugins (1ms)
				BeforeProcessingInitializeOnLoad (160ms)
				ProcessInitializeOnLoadAttributes (377ms)
				ProcessInitializeOnLoadMethodAttributes (16ms)
				AfterProcessingInitializeOnLoad (9ms)
				EditorAssembliesLoaded (1ms)
			ExecutionOrderSort2 (0ms)
			AwakeInstancesAfterBackupRestoration (13ms)
Platform modules already initialized, skipping
Refreshing native plugins compatible for Editor in 1.25 ms, found 2 plugins.
Preloading 0 native plugins for Editor in 0.00 ms.
Unloading 1899 Unused Serialized files (Serialized files now loaded: 0)
System memory in use before: 113.6 MB.
System memory in use after: 113.7 MB.

Unloading 15 unused Assets to reduce memory usage. Loaded Objects now: 2457.
Total: 4.892700 ms (FindLiveObjects: 0.294200 ms CreateObjectMapping: 0.088800 ms MarkObjects: 4.385300 ms  DeleteObjects: 0.122700 ms)

AssetImportParameters requested are different than current active one (requested -> active):
  custom:framework-win-MediaFoundation: 216162199b28c13a410421893ffa2e32 -> 
  custom:video-decoder-ogg-theora: a1e56fd34408186e4bbccfd4996cb3dc -> 
  custom:container-muxer-webm: aa71ff27fc2769a1b78a27578f13a17b -> 
  custom:container-demuxer-webm: 4f35f7cbe854078d1ac9338744f61a02 -> 
  custom:container-demuxer-ogg: 62fdf1f143b41e24485cea50d1cbac27 -> 
  custom:video-encoder-webm-vp8: eb34c28f22e8b96e1ab97ce403110664 -> 
  custom:video-codec-MediaFoundation-h265: 746d11721c4dcdbdad8f713fa42b33f4 -> 
  custom:video-decoder-webm-vp8: 9c59270c3fd7afecdb556c50c9e8de78 -> 
  custom:audio-decoder-ogg-vorbis: bf7c407c2cedff20999df2af8eb42d56 -> 
  custom:audio-encoder-webm-vorbis: bf7c407c2cedff20999df2af8eb42d56 -> 
========================================================================
Received Prepare
Registering precompiled user dll's ...
Registered in 0.007497 seconds.
Begin MonoManager ReloadAssembly
Native extension for WindowsStandalone target not found
Native extension for OSXStandalone target not found
Native extension for WebGL target not found
Refreshing native plugins compatible for Editor in 0.77 ms, found 2 plugins.
Preloading 0 native plugins for Editor in 0.00 ms.
Mono: successfully reloaded assembly
- Completed reload, in  1.783 seconds
Domain Reload Profiling:
	ReloadAssembly (1783ms)
		BeginReloadAssembly (197ms)
			ExecutionOrderSort (0ms)
			DisableScriptedObjects (8ms)
			BackupInstance (0ms)
			ReleaseScriptingObjects (0ms)
			CreateAndSetChildDomain (53ms)
		EndReloadAssembly (1477ms)
			LoadAssemblies (169ms)
			RebuildTransferFunctionScriptingTraits (0ms)
			SetupTypeCache (478ms)
			ReleaseScriptCaches (2ms)
			RebuildScriptCaches (79ms)
			SetupLoadedEditorAssemblies (552ms)
				LogAssemblyErrors (0ms)
				InitializePlatformSupportModulesInManaged (11ms)
				SetLoadedEditorAssemblies (1ms)
				RefreshPlugins (1ms)
				BeforeProcessingInitializeOnLoad (142ms)
				ProcessInitializeOnLoadAttributes (372ms)
				ProcessInitializeOnLoadMethodAttributes (15ms)
				AfterProcessingInitializeOnLoad (10ms)
				EditorAssembliesLoaded (0ms)
			ExecutionOrderSort2 (0ms)
			AwakeInstancesAfterBackupRestoration (13ms)
Platform modules already initialized, skipping
Refreshing native plugins compatible for Editor in 0.88 ms, found 2 plugins.
Preloading 0 native plugins for Editor in 0.00 ms.
Unloading 1899 Unused Serialized files (Serialized files now loaded: 0)
System memory in use before: 113.6 MB.
System memory in use after: 113.7 MB.

Unloading 15 unused Assets to reduce memory usage. Loaded Objects now: 2459.
Total: 4.970800 ms (FindLiveObjects: 0.229100 ms CreateObjectMapping: 0.086800 ms MarkObjects: 4.528400 ms  DeleteObjects: 0.124800 ms)

AssetImportParameters requested are different than current active one (requested -> active):
  custom:framework-win-MediaFoundation: 216162199b28c13a410421893ffa2e32 -> 
  custom:video-decoder-ogg-theora: a1e56fd34408186e4bbccfd4996cb3dc -> 
  custom:container-muxer-webm: aa71ff27fc2769a1b78a27578f13a17b -> 
  custom:container-demuxer-webm: 4f35f7cbe854078d1ac9338744f61a02 -> 
  custom:container-demuxer-ogg: 62fdf1f143b41e24485cea50d1cbac27 -> 
  custom:video-encoder-webm-vp8: eb34c28f22e8b96e1ab97ce403110664 -> 
  custom:video-codec-MediaFoundation-h265: 746d11721c4dcdbdad8f713fa42b33f4 -> 
  custom:video-decoder-webm-vp8: 9c59270c3fd7afecdb556c50c9e8de78 -> 
  custom:audio-decoder-ogg-vorbis: bf7c407c2cedff20999df2af8eb42d56 -> 
  custom:audio-encoder-webm-vorbis: bf7c407c2cedff20999df2af8eb42d56 -> 
========================================================================
Received Import Request.
  Time since last request: 1015.771825 seconds.
  path: Assets/Materials/Cassandra Materials/Floor.mat
  artifactKey: Guid(31dc3ca2cc51aa946bba66816246d4ed) Importer(815301076,1909f56bfc062723c751e8b465ee728b)
Start importing Assets/Materials/Cassandra Materials/Floor.mat using Guid(31dc3ca2cc51aa946bba66816246d4ed) Importer(815301076,1909f56bfc062723c751e8b465ee728b)  -> (artifact id: '432982a3bd283fca744e070d5fdabb70') in 0.048849 seconds 
  Import took 0.052020 seconds .

========================================================================
Received Import Request.
  Time since last request: 166.324652 seconds.
  path: Assets/Materials/grass.mat
  artifactKey: Guid(1cc64902cb251504f9619c7a182b00c6) Importer(815301076,1909f56bfc062723c751e8b465ee728b)
Start importing Assets/Materials/grass.mat using Guid(1cc64902cb251504f9619c7a182b00c6) Importer(815301076,1909f56bfc062723c751e8b465ee728b)  -> (artifact id: 'ff4508d0d344c663f1fa06058f91098a') in 0.008294 seconds 
  Import took 0.011640 seconds .

========================================================================
Received Import Request.
  Time since last request: 7.249360 seconds.
  path: Assets/Materials/TexturesCom_Grass0166_1_seamless_S.jpg
  artifactKey: Guid(00906fa2b16d2fc41a82ef333ae9cdbb) Importer(815301076,1909f56bfc062723c751e8b465ee728b)
Start importing Assets/Materials/TexturesCom_Grass0166_1_seamless_S.jpg using Guid(00906fa2b16d2fc41a82ef333ae9cdbb) Importer(815301076,1909f56bfc062723c751e8b465ee728b)  -> (artifact id: 'ceabf77e8ad890391e677bf09705b5a2') in 0.013333 seconds 
  Import took 0.016474 seconds .

AssetImportWorkerClient::OnTransportError - code=2 error=End of file
